<?xml version="1.0" encoding="UTF-8"?>
<!-- Generated by org.testng.reporters.JUnitReportReporter -->
<testsuite hostname="MSI" failures="0" tests="13" name="com.testcases.AboutUsTest" time="103.480" errors="0" timestamp="2023-03-02T16:46:11 IST" skipped="0">
  <testcase classname="com.testcases.AboutUsTest" name="searchTest" time="9.674"/>
  <system-out/>
  <testcase classname="com.testcases.AboutUsTest" name="sauceMobileClick" time="6.559"/>
  <system-out/>
  <testcase classname="com.testcases.AboutUsTest" name="footerTest" time="8.508"/>
  <system-out/>
  <testcase classname="com.testcases.AboutUsTest" name="loginTest" time="4.831"/>
  <system-out/>
  <testcase classname="com.testcases.AboutUsTest" name="aboutUsImageTest" time="9.470"/>
  <system-out/>
  <testcase classname="com.testcases.AboutUsTest" name="blogTextTest" time="7.277"/>
  <system-out/>
  <testcase classname="com.testcases.AboutUsTest" name="saucecrossbrowserImage" time="9.389"/>
  <system-out/>
  <testcase classname="com.testcases.AboutUsTest" name="blogToBack" time="9.087"/>
  <system-out/>
  <testcase classname="com.testcases.AboutUsTest" name="productDropDownTest" time="12.530"/>
  <system-out/>
  <testcase classname="com.testcases.AboutUsTest" name="aboutusTest" time="6.334"/>
  <system-out/>
  <testcase classname="com.testcases.AboutUsTest" name="privacyPolicyTest" time="6.927"/>
  <system-out/>
  <testcase classname="com.testcases.AboutUsTest" name="scrollToClickTest" time="6.306"/>
  <system-out/>
  <testcase classname="com.testcases.AboutUsTest" name="latestResourceTest" time="6.588"/>
  <system-out/>
</testsuite> <!-- com.testcases.AboutUsTest -->
