<?xml version="1.0" encoding="UTF-8"?>
<!-- Generated by org.testng.reporters.JUnitReportReporter -->
<testsuite hostname="MSI" failures="0" tests="1" name="com.testcases.AllitemsTest" time="3.097" errors="0" timestamp="2023-03-02T10:27:53 IST" skipped="0">
  <testcase classname="com.testcases.AllitemsTest" name="allItems" time="3.097"/>
  <system-out/>
</testsuite> <!-- com.testcases.AllitemsTest -->
