<?xml version="1.0" encoding="UTF-8"?>
<!-- Generated by org.testng.reporters.JUnitReportReporter -->
<testsuite hostname="MSI" failures="0" tests="2" name="com.testcases.LogOutTest" time="9.804" errors="0" timestamp="2023-03-02T16:46:11 IST" skipped="0">
  <testcase classname="com.testcases.LogOutTest" name="loginTextTest" time="4.841"/>
  <system-out/>
  <testcase classname="com.testcases.LogOutTest" name="logoutClickTest" time="4.963"/>
  <system-out/>
</testsuite> <!-- com.testcases.LogOutTest -->
